<?xml version="1.0" encoding="UTF-8"?>
<testng-results ignored="0" total="1" passed="1" failed="0" skipped="0">
  <reporter-output>
  </reporter-output>
  <suite started-at="2024-09-27T22:25:37 IST" name="Suite" finished-at="2024-09-27T22:25:49 IST" duration-ms="11799">
    <groups>
    </groups>
    <test started-at="2024-09-27T22:25:37 IST" name="Test" finished-at="2024-09-27T22:25:49 IST" duration-ms="11799">
      <class name="com.orange.testcases.TC_Add_New_Employee">
        <test-method is-config="true" signature="setup()[pri:0, instance:com.orange.testcases.TC_Add_New_Employee@3bf7ca37]" started-at="2024-09-27T22:25:38 IST" name="setup" finished-at="2024-09-27T22:25:43 IST" duration-ms="5206" status="PASS">
          <reporter-output>
          </reporter-output>
        </test-method> <!-- setup -->
        <test-method signature="addemployee()[pri:0, instance:com.orange.testcases.TC_Add_New_Employee@3bf7ca37]" started-at="2024-09-27T22:25:43 IST" name="addemployee" finished-at="2024-09-27T22:25:49 IST" duration-ms="5999" status="PASS">
          <reporter-output>
          </reporter-output>
        </test-method> <!-- addemployee -->
      </class> <!-- com.orange.testcases.TC_Add_New_Employee -->
    </test> <!-- Test -->
  </suite> <!-- Suite -->
</testng-results>
